<?xml version="1.0" encoding="UTF-8"?>
<!-- Generated by org.testng.reporters.JUnitXMLReporter -->
<testsuite hostname="DESKTOP-S9CODJT" ignored="0" tests="5" failures="1" timestamp="2020-02-06T13:48:32 CET" time="101.637" errors="0">
  <testcase name="firstTest" time="3.905" classname="ProjectTest"/>
  <testcase name="secondTest" time="8.993" classname="ProjectTest2">
    <failure type="java.lang.AssertionError" message="expected [630, 224] but found [630, 206]">
      <![CDATA[java.lang.AssertionError: expected [630, 224] but found [630, 206]
at ProjectTest2.secondTest(ProjectTest2.java:49)
at java.util.ArrayList.forEach(ArrayList.java:1257)
... Removed 36 stack frames]]>
    </failure>
  </testcase> <!-- secondTest -->
  <testcase name="thirdTest" time="15.766" classname="ProjectTest3"/>
  <testcase name="fourthTest" time="8.174" classname="ProjectTest4"/>
  <testcase name="fifthTest" time="7.643" classname="ProjectTest5"/>
</testsuite>
