<?xml version="1.0" encoding="UTF-8"?>
<testng-results skipped="0" failed="1" ignored="0" total="5" passed="4">
  <reporter-output>
  </reporter-output>
  <suite name="TestsSuite" duration-ms="101637" started-at="2020-02-06T13:46:50 CET" finished-at="2020-02-06T13:48:32 CET">
    <groups>
    </groups>
    <test name="Project Test Status" duration-ms="101637" started-at="2020-02-06T13:46:50 CET" finished-at="2020-02-06T13:48:32 CET">
      <class name="ProjectTest5">
        <test-method status="PASS" signature="setTest()[pri:0, instance:ProjectTest5@544a2ea6]" name="setTest" is-config="true" duration-ms="10469" started-at="2020-02-06T13:48:13 CET" finished-at="2020-02-06T13:48:23 CET">
          <reporter-output>
          </reporter-output>
        </test-method> <!-- setTest -->
        <test-method status="PASS" signature="fifthTest()[pri:0, instance:ProjectTest5@544a2ea6]" name="fifthTest" duration-ms="7643" started-at="2020-02-06T13:48:23 CET" finished-at="2020-02-06T13:48:31 CET">
          <reporter-output>
          </reporter-output>
        </test-method> <!-- fifthTest -->
        <test-method status="PASS" signature="closeTest()[pri:0, instance:ProjectTest5@544a2ea6]" name="closeTest" is-config="true" duration-ms="650" started-at="2020-02-06T13:48:31 CET" finished-at="2020-02-06T13:48:32 CET">
          <reporter-output>
          </reporter-output>
        </test-method> <!-- closeTest -->
      </class> <!-- ProjectTest5 -->
      <class name="ProjectTest3">
        <test-method status="PASS" signature="setTest()[pri:0, instance:ProjectTest3@6ec8211c]" name="setTest" is-config="true" duration-ms="10464" started-at="2020-02-06T13:47:26 CET" finished-at="2020-02-06T13:47:37 CET">
          <reporter-output>
          </reporter-output>
        </test-method> <!-- setTest -->
        <test-method status="PASS" signature="thirdTest()[pri:0, instance:ProjectTest3@6ec8211c]" name="thirdTest" duration-ms="15766" started-at="2020-02-06T13:47:37 CET" finished-at="2020-02-06T13:47:53 CET">
          <reporter-output>
          </reporter-output>
        </test-method> <!-- thirdTest -->
        <test-method status="PASS" signature="closeTest()[pri:0, instance:ProjectTest3@6ec8211c]" name="closeTest" is-config="true" duration-ms="673" started-at="2020-02-06T13:47:53 CET" finished-at="2020-02-06T13:47:53 CET">
          <reporter-output>
          </reporter-output>
        </test-method> <!-- closeTest -->
      </class> <!-- ProjectTest3 -->
      <class name="ProjectTest4">
        <test-method status="PASS" signature="setTest()[pri:0, instance:ProjectTest4@7276c8cd]" name="setTest" is-config="true" duration-ms="10626" started-at="2020-02-06T13:47:53 CET" finished-at="2020-02-06T13:48:04 CET">
          <reporter-output>
          </reporter-output>
        </test-method> <!-- setTest -->
        <test-method status="PASS" signature="fourthTest()[pri:0, instance:ProjectTest4@7276c8cd]" name="fourthTest" duration-ms="8174" started-at="2020-02-06T13:48:04 CET" finished-at="2020-02-06T13:48:12 CET">
          <reporter-output>
          </reporter-output>
        </test-method> <!-- fourthTest -->
        <test-method status="PASS" signature="closeTest()[pri:0, instance:ProjectTest4@7276c8cd]" name="closeTest" is-config="true" duration-ms="673" started-at="2020-02-06T13:48:12 CET" finished-at="2020-02-06T13:48:13 CET">
          <reporter-output>
          </reporter-output>
        </test-method> <!-- closeTest -->
      </class> <!-- ProjectTest4 -->
      <class name="ProjectTest2">
        <test-method status="PASS" signature="setTest()[pri:0, instance:ProjectTest2@25bbf683]" name="setTest" is-config="true" duration-ms="10531" started-at="2020-02-06T13:47:06 CET" finished-at="2020-02-06T13:47:17 CET">
          <reporter-output>
          </reporter-output>
        </test-method> <!-- setTest -->
        <test-method status="FAIL" signature="secondTest()[pri:0, instance:ProjectTest2@25bbf683]" name="secondTest" duration-ms="8993" started-at="2020-02-06T13:47:17 CET" finished-at="2020-02-06T13:47:26 CET">
          <exception class="java.lang.AssertionError">
            <message>
              <![CDATA[expected [630, 224] but found [630, 206]]]>
            </message>
            <full-stacktrace>
              <![CDATA[java.lang.AssertionError: expected [630, 224] but found [630, 206]
at org.testng.Assert.fail(Assert.java:97)
at org.testng.Assert.assertEqualsImpl(Assert.java:136)
at org.testng.Assert.assertEquals(Assert.java:118)
at org.testng.Assert.assertEquals(Assert.java:575)
at org.testng.Assert.assertEquals(Assert.java:585)
at ProjectTest2.secondTest(ProjectTest2.java:49)
at sun.reflect.NativeMethodAccessorImpl.invoke0(Native Method)
at sun.reflect.NativeMethodAccessorImpl.invoke(NativeMethodAccessorImpl.java:62)
at sun.reflect.DelegatingMethodAccessorImpl.invoke(DelegatingMethodAccessorImpl.java:43)
at java.lang.reflect.Method.invoke(Method.java:498)
at org.testng.internal.MethodInvocationHelper.invokeMethod(MethodInvocationHelper.java:133)
at org.testng.internal.TestInvoker.invokeMethod(TestInvoker.java:584)
at org.testng.internal.TestInvoker.invokeTestMethod(TestInvoker.java:172)
at org.testng.internal.MethodRunner.runInSequence(MethodRunner.java:46)
at org.testng.internal.TestInvoker$MethodInvocationAgent.invoke(TestInvoker.java:804)
at org.testng.internal.TestInvoker.invokeTestMethods(TestInvoker.java:145)
at org.testng.internal.TestMethodWorker.invokeTestMethods(TestMethodWorker.java:146)
at org.testng.internal.TestMethodWorker.run(TestMethodWorker.java:128)
at java.util.ArrayList.forEach(ArrayList.java:1257)
at org.testng.TestRunner.privateRun(TestRunner.java:770)
at org.testng.TestRunner.run(TestRunner.java:591)
at org.testng.SuiteRunner.runTest(SuiteRunner.java:402)
at org.testng.SuiteRunner.runSequentially(SuiteRunner.java:396)
at org.testng.SuiteRunner.privateRun(SuiteRunner.java:355)
at org.testng.SuiteRunner.run(SuiteRunner.java:304)
at org.testng.SuiteRunnerWorker.runSuite(SuiteRunnerWorker.java:53)
at org.testng.SuiteRunnerWorker.run(SuiteRunnerWorker.java:96)
at org.testng.TestNG.runSuitesSequentially(TestNG.java:1180)
at org.testng.TestNG.runSuitesLocally(TestNG.java:1102)
at org.testng.TestNG.runSuites(TestNG.java:1032)
at org.testng.TestNG.run(TestNG.java:1000)
at org.apache.maven.surefire.testng.TestNGExecutor.run(TestNGExecutor.java:283)
at org.apache.maven.surefire.testng.TestNGXmlTestSuite.execute(TestNGXmlTestSuite.java:75)
at org.apache.maven.surefire.testng.TestNGProvider.invoke(TestNGProvider.java:120)
at org.apache.maven.surefire.booter.ForkedBooter.invokeProviderInSameClassLoader(ForkedBooter.java:384)
at org.apache.maven.surefire.booter.ForkedBooter.runSuitesInProcess(ForkedBooter.java:345)
at org.apache.maven.surefire.booter.ForkedBooter.execute(ForkedBooter.java:126)
at org.apache.maven.surefire.booter.ForkedBooter.main(ForkedBooter.java:418)
]]>
            </full-stacktrace>
          </exception> <!-- java.lang.AssertionError -->
          <reporter-output>
          </reporter-output>
        </test-method> <!-- secondTest -->
        <test-method status="PASS" signature="closeTest()[pri:0, instance:ProjectTest2@25bbf683]" name="closeTest" is-config="true" duration-ms="670" started-at="2020-02-06T13:47:26 CET" finished-at="2020-02-06T13:47:26 CET">
          <reporter-output>
          </reporter-output>
        </test-method> <!-- closeTest -->
      </class> <!-- ProjectTest2 -->
      <class name="ProjectTest">
        <test-method status="PASS" signature="setTest()[pri:0, instance:ProjectTest@64485a47]" name="setTest" is-config="true" duration-ms="11695" started-at="2020-02-06T13:46:50 CET" finished-at="2020-02-06T13:47:02 CET">
          <reporter-output>
          </reporter-output>
        </test-method> <!-- setTest -->
        <test-method status="PASS" signature="firstTest()[pri:0, instance:ProjectTest@64485a47]" name="firstTest" duration-ms="3905" started-at="2020-02-06T13:47:02 CET" finished-at="2020-02-06T13:47:06 CET">
          <reporter-output>
          </reporter-output>
        </test-method> <!-- firstTest -->
        <test-method status="PASS" signature="closeTest()[pri:0, instance:ProjectTest@64485a47]" name="closeTest" is-config="true" duration-ms="658" started-at="2020-02-06T13:47:06 CET" finished-at="2020-02-06T13:47:06 CET">
          <reporter-output>
          </reporter-output>
        </test-method> <!-- closeTest -->
      </class> <!-- ProjectTest -->
    </test> <!-- Project Test Status -->
  </suite> <!-- TestsSuite -->
</testng-results>
